2022-08-31 14:37:07.184  INFO 69984 --- [restartedMain] c.shopme.admin.ShopmeBackEndApplication  : Starting ShopmeBackEndApplication using Java 17.0.4 on drwise-ThinkPad-X240 with PID 69984 (/home/drwise/Documents/Study/Springboot Projects/intellij/Springboot Projects/ShopmeEcommerce/ShopemeProject/ShopmeWebParent/ShopmeBackEnd/target/classes started by drwise in /home/drwise/Documents/Study/Springboot Projects/intellij/Springboot Projects/ShopmeEcommerce/ShopemeProject/ShopmeWebParent/ShopmeBackEnd)
2022-08-31 14:37:07.191  INFO 69984 --- [restartedMain] c.shopme.admin.ShopmeBackEndApplication  : No active profile set, falling back to 1 default profile: "default"
2022-08-31 14:37:07.360  INFO 69984 --- [restartedMain] .e.DevToolsPropertyDefaultsPostProcessor : Devtools property defaults active! Set 'spring.devtools.add-properties' to 'false' to disable
2022-08-31 14:37:07.360  INFO 69984 --- [restartedMain] .e.DevToolsPropertyDefaultsPostProcessor : For additional web related logging consider setting the 'logging.level.web' property to 'DEBUG'
2022-08-31 14:37:08.871  INFO 69984 --- [restartedMain] .s.d.r.c.RepositoryConfigurationDelegate : Bootstrapping Spring Data JPA repositories in DEFAULT mode.
2022-08-31 14:37:08.973  INFO 69984 --- [restartedMain] .s.d.r.c.RepositoryConfigurationDelegate : Finished Spring Data repository scanning in 81 ms. Found 2 JPA repository interfaces.
2022-08-31 14:37:10.049  INFO 69984 --- [restartedMain] o.s.b.w.embedded.tomcat.TomcatWebServer  : Tomcat initialized with port(s): 8082 (http)
2022-08-31 14:37:10.067  INFO 69984 --- [restartedMain] o.apache.catalina.core.StandardService   : Starting service [Tomcat]
2022-08-31 14:37:10.068  INFO 69984 --- [restartedMain] org.apache.catalina.core.StandardEngine  : Starting Servlet engine: [Apache Tomcat/9.0.64]
2022-08-31 14:37:10.283  INFO 69984 --- [restartedMain] o.a.c.c.C.[.[localhost].[/ShopmeAdmin]   : Initializing Spring embedded WebApplicationContext
2022-08-31 14:37:10.287  INFO 69984 --- [restartedMain] w.s.c.ServletWebServerApplicationContext : Root WebApplicationContext: initialization completed in 2926 ms
2022-08-31 14:37:10.679  INFO 69984 --- [restartedMain] o.hibernate.jpa.internal.util.LogHelper  : HHH000204: Processing PersistenceUnitInfo [name: default]
2022-08-31 14:37:10.753  INFO 69984 --- [restartedMain] org.hibernate.Version                    : HHH000412: Hibernate ORM core version 5.6.9.Final
2022-08-31 14:37:11.028  INFO 69984 --- [restartedMain] o.hibernate.annotations.common.Version   : HCANN000001: Hibernate Commons Annotations {5.1.2.Final}
2022-08-31 14:37:11.179  INFO 69984 --- [restartedMain] com.zaxxer.hikari.HikariDataSource       : HikariPool-1 - Starting...
2022-08-31 14:37:11.740  INFO 69984 --- [restartedMain] com.zaxxer.hikari.HikariDataSource       : HikariPool-1 - Start completed.
2022-08-31 14:37:11.769  INFO 69984 --- [restartedMain] org.hibernate.dialect.Dialect            : HHH000400: Using dialect: org.hibernate.dialect.MySQL8Dialect
2022-08-31 14:37:13.028  INFO 69984 --- [restartedMain] o.h.e.t.j.p.i.JtaPlatformInitiator       : HHH000490: Using JtaPlatform implementation: [org.hibernate.engine.transaction.jta.platform.internal.NoJtaPlatform]
2022-08-31 14:37:13.041  INFO 69984 --- [restartedMain] j.LocalContainerEntityManagerFactoryBean : Initialized JPA EntityManagerFactory for persistence unit 'default'
2022-08-31 14:37:13.131  WARN 69984 --- [restartedMain] JpaBaseConfiguration$JpaWebConfiguration : spring.jpa.open-in-view is enabled by default. Therefore, database queries may be performed during view rendering. Explicitly configure spring.jpa.open-in-view to disable this warning
2022-08-31 14:37:14.044  WARN 69984 --- [restartedMain] o.s.s.c.a.web.builders.WebSecurity       : You are asking Spring Security to ignore Ant [pattern='/images/**']. This is not recommended -- please use permitAll via HttpSecurity#authorizeHttpRequests instead.
2022-08-31 14:37:14.045  INFO 69984 --- [restartedMain] o.s.s.web.DefaultSecurityFilterChain     : Will not secure Ant [pattern='/images/**']
2022-08-31 14:37:14.046  WARN 69984 --- [restartedMain] o.s.s.c.a.web.builders.WebSecurity       : You are asking Spring Security to ignore Ant [pattern='/js/**']. This is not recommended -- please use permitAll via HttpSecurity#authorizeHttpRequests instead.
2022-08-31 14:37:14.047  INFO 69984 --- [restartedMain] o.s.s.web.DefaultSecurityFilterChain     : Will not secure Ant [pattern='/js/**']
2022-08-31 14:37:14.047  WARN 69984 --- [restartedMain] o.s.s.c.a.web.builders.WebSecurity       : You are asking Spring Security to ignore Ant [pattern='/webjars/**']. This is not recommended -- please use permitAll via HttpSecurity#authorizeHttpRequests instead.
2022-08-31 14:37:14.048  INFO 69984 --- [restartedMain] o.s.s.web.DefaultSecurityFilterChain     : Will not secure Ant [pattern='/webjars/**']
2022-08-31 14:37:14.129  INFO 69984 --- [restartedMain] o.s.s.web.DefaultSecurityFilterChain     : Will secure any request with [org.springframework.security.web.session.DisableEncodeUrlFilter@276b900, org.springframework.security.web.context.request.async.WebAsyncManagerIntegrationFilter@7065e421, org.springframework.security.web.context.SecurityContextPersistenceFilter@728288de, org.springframework.security.web.header.HeaderWriterFilter@2efb0967, org.springframework.security.web.csrf.CsrfFilter@130ac6e3, org.springframework.security.web.authentication.logout.LogoutFilter@1d014719, org.springframework.security.web.authentication.UsernamePasswordAuthenticationFilter@54acc0f2, org.springframework.security.web.savedrequest.RequestCacheAwareFilter@7758935f, org.springframework.security.web.servletapi.SecurityContextHolderAwareRequestFilter@1e7bb09e, org.springframework.security.web.authentication.rememberme.RememberMeAuthenticationFilter@13859515, org.springframework.security.web.authentication.AnonymousAuthenticationFilter@32ef6873, org.springframework.security.web.session.SessionManagementFilter@57535e10, org.springframework.security.web.access.ExceptionTranslationFilter@1f6cc136, org.springframework.security.web.access.intercept.FilterSecurityInterceptor@7dd3ed92]
2022-08-31 14:37:14.392  INFO 69984 --- [restartedMain] o.s.b.a.w.s.WelcomePageHandlerMapping    : Adding welcome page template: index
2022-08-31 14:37:15.562  WARN 69984 --- [restartedMain] o.s.b.d.a.OptionalLiveReloadServer       : Unable to start LiveReload server
2022-08-31 14:37:15.611  INFO 69984 --- [restartedMain] o.s.b.w.embedded.tomcat.TomcatWebServer  : Tomcat started on port(s): 8082 (http) with context path '/ShopmeAdmin'
2022-08-31 14:37:15.626  INFO 69984 --- [restartedMain] c.shopme.admin.ShopmeBackEndApplication  : Started ShopmeBackEndApplication in 9.226 seconds (JVM running for 10.089)
2022-08-31 14:37:19.779  INFO 69984 --- [http-nio-8082-exec-1] o.a.c.c.C.[.[localhost].[/ShopmeAdmin]   : Initializing Spring DispatcherServlet 'dispatcherServlet'
2022-08-31 14:37:19.780  INFO 69984 --- [http-nio-8082-exec-1] o.s.web.servlet.DispatcherServlet        : Initializing Servlet 'dispatcherServlet'
2022-08-31 14:37:19.783  INFO 69984 --- [http-nio-8082-exec-1] o.s.web.servlet.DispatcherServlet        : Completed initialization in 3 ms
2022-08-31 14:38:01.182  INFO 69984 --- [SpringApplicationShutdownHook] j.LocalContainerEntityManagerFactoryBean : Closing JPA EntityManagerFactory for persistence unit 'default'
2022-08-31 14:38:01.188  INFO 69984 --- [SpringApplicationShutdownHook] com.zaxxer.hikari.HikariDataSource       : HikariPool-1 - Shutdown initiated...
2022-08-31 14:38:01.198  INFO 69984 --- [SpringApplicationShutdownHook] com.zaxxer.hikari.HikariDataSource       : HikariPool-1 - Shutdown completed.
2022-08-31 14:38:05.602  INFO 70304 --- [restartedMain] c.shopme.admin.ShopmeBackEndApplication  : Starting ShopmeBackEndApplication using Java 17.0.4 on drwise-ThinkPad-X240 with PID 70304 (/home/drwise/Documents/Study/Springboot Projects/intellij/Springboot Projects/ShopmeEcommerce/ShopemeProject/ShopmeWebParent/ShopmeBackEnd/target/classes started by drwise in /home/drwise/Documents/Study/Springboot Projects/intellij/Springboot Projects/ShopmeEcommerce/ShopemeProject/ShopmeWebParent/ShopmeBackEnd)
2022-08-31 14:38:05.605  INFO 70304 --- [restartedMain] c.shopme.admin.ShopmeBackEndApplication  : No active profile set, falling back to 1 default profile: "default"
2022-08-31 14:38:05.816  INFO 70304 --- [restartedMain] .e.DevToolsPropertyDefaultsPostProcessor : Devtools property defaults active! Set 'spring.devtools.add-properties' to 'false' to disable
2022-08-31 14:38:05.816  INFO 70304 --- [restartedMain] .e.DevToolsPropertyDefaultsPostProcessor : For additional web related logging consider setting the 'logging.level.web' property to 'DEBUG'
2022-08-31 14:38:07.158  INFO 70304 --- [restartedMain] .s.d.r.c.RepositoryConfigurationDelegate : Bootstrapping Spring Data JPA repositories in DEFAULT mode.
2022-08-31 14:38:07.262  INFO 70304 --- [restartedMain] .s.d.r.c.RepositoryConfigurationDelegate : Finished Spring Data repository scanning in 84 ms. Found 2 JPA repository interfaces.
2022-08-31 14:38:08.538  INFO 70304 --- [restartedMain] o.s.b.w.embedded.tomcat.TomcatWebServer  : Tomcat initialized with port(s): 8082 (http)
2022-08-31 14:38:08.556  INFO 70304 --- [restartedMain] o.apache.catalina.core.StandardService   : Starting service [Tomcat]
2022-08-31 14:38:08.557  INFO 70304 --- [restartedMain] org.apache.catalina.core.StandardEngine  : Starting Servlet engine: [Apache Tomcat/9.0.64]
2022-08-31 14:38:08.756  INFO 70304 --- [restartedMain] o.a.c.c.C.[.[localhost].[/ShopmeAdmin]   : Initializing Spring embedded WebApplicationContext
2022-08-31 14:38:08.761  INFO 70304 --- [restartedMain] w.s.c.ServletWebServerApplicationContext : Root WebApplicationContext: initialization completed in 2942 ms
2022-08-31 14:38:08.926  WARN 70304 --- [restartedMain] o.a.c.c.C.[.[localhost].[/ShopmeAdmin]   : Cannot deserialize session attribute [SPRING_SECURITY_CONTEXT] for session [B97F0021465E0AF69F0117357F21C436]
2022-08-31 14:38:09.224  INFO 70304 --- [restartedMain] o.hibernate.jpa.internal.util.LogHelper  : HHH000204: Processing PersistenceUnitInfo [name: default]
2022-08-31 14:38:09.340  INFO 70304 --- [restartedMain] org.hibernate.Version                    : HHH000412: Hibernate ORM core version 5.6.9.Final
2022-08-31 14:38:09.646  INFO 70304 --- [restartedMain] o.hibernate.annotations.common.Version   : HCANN000001: Hibernate Commons Annotations {5.1.2.Final}
2022-08-31 14:38:09.884  INFO 70304 --- [restartedMain] com.zaxxer.hikari.HikariDataSource       : HikariPool-1 - Starting...
2022-08-31 14:38:10.539  INFO 70304 --- [restartedMain] com.zaxxer.hikari.HikariDataSource       : HikariPool-1 - Start completed.
2022-08-31 14:38:10.571  INFO 70304 --- [restartedMain] org.hibernate.dialect.Dialect            : HHH000400: Using dialect: org.hibernate.dialect.MySQL8Dialect
2022-08-31 14:38:11.605  INFO 70304 --- [restartedMain] o.h.e.t.j.p.i.JtaPlatformInitiator       : HHH000490: Using JtaPlatform implementation: [org.hibernate.engine.transaction.jta.platform.internal.NoJtaPlatform]
2022-08-31 14:38:11.614  INFO 70304 --- [restartedMain] j.LocalContainerEntityManagerFactoryBean : Initialized JPA EntityManagerFactory for persistence unit 'default'
2022-08-31 14:38:11.708  WARN 70304 --- [restartedMain] JpaBaseConfiguration$JpaWebConfiguration : spring.jpa.open-in-view is enabled by default. Therefore, database queries may be performed during view rendering. Explicitly configure spring.jpa.open-in-view to disable this warning
2022-08-31 14:38:12.539  WARN 70304 --- [restartedMain] o.s.s.c.a.web.builders.WebSecurity       : You are asking Spring Security to ignore Ant [pattern='/images/**']. This is not recommended -- please use permitAll via HttpSecurity#authorizeHttpRequests instead.
2022-08-31 14:38:12.540  INFO 70304 --- [restartedMain] o.s.s.web.DefaultSecurityFilterChain     : Will not secure Ant [pattern='/images/**']
2022-08-31 14:38:12.541  WARN 70304 --- [restartedMain] o.s.s.c.a.web.builders.WebSecurity       : You are asking Spring Security to ignore Ant [pattern='/js/**']. This is not recommended -- please use permitAll via HttpSecurity#authorizeHttpRequests instead.
2022-08-31 14:38:12.542  INFO 70304 --- [restartedMain] o.s.s.web.DefaultSecurityFilterChain     : Will not secure Ant [pattern='/js/**']
2022-08-31 14:38:12.542  WARN 70304 --- [restartedMain] o.s.s.c.a.web.builders.WebSecurity       : You are asking Spring Security to ignore Ant [pattern='/webjars/**']. This is not recommended -- please use permitAll via HttpSecurity#authorizeHttpRequests instead.
2022-08-31 14:38:12.542  INFO 70304 --- [restartedMain] o.s.s.web.DefaultSecurityFilterChain     : Will not secure Ant [pattern='/webjars/**']
2022-08-31 14:38:12.614  INFO 70304 --- [restartedMain] o.s.s.web.DefaultSecurityFilterChain     : Will secure any request with [org.springframework.security.web.session.DisableEncodeUrlFilter@26dd17d6, org.springframework.security.web.context.request.async.WebAsyncManagerIntegrationFilter@3ce176f1, org.springframework.security.web.context.SecurityContextPersistenceFilter@10ef0dbe, org.springframework.security.web.header.HeaderWriterFilter@159f40f6, org.springframework.security.web.csrf.CsrfFilter@2810d901, org.springframework.security.web.authentication.logout.LogoutFilter@2ba864eb, org.springframework.security.web.authentication.UsernamePasswordAuthenticationFilter@67ffab2f, org.springframework.security.web.savedrequest.RequestCacheAwareFilter@3f59fd7b, org.springframework.security.web.servletapi.SecurityContextHolderAwareRequestFilter@7090a213, org.springframework.security.web.authentication.rememberme.RememberMeAuthenticationFilter@5fb08837, org.springframework.security.web.authentication.AnonymousAuthenticationFilter@2364628, org.springframework.security.web.session.SessionManagementFilter@4eda310c, org.springframework.security.web.access.ExceptionTranslationFilter@2d7a987d, org.springframework.security.web.access.intercept.FilterSecurityInterceptor@6d13d206]
2022-08-31 14:38:12.906  INFO 70304 --- [restartedMain] o.s.b.a.w.s.WelcomePageHandlerMapping    : Adding welcome page template: index
2022-08-31 14:38:14.047  WARN 70304 --- [restartedMain] o.s.b.d.a.OptionalLiveReloadServer       : Unable to start LiveReload server
2022-08-31 14:38:14.126  INFO 70304 --- [restartedMain] o.s.b.w.embedded.tomcat.TomcatWebServer  : Tomcat started on port(s): 8082 (http) with context path '/ShopmeAdmin'
2022-08-31 14:38:14.162  INFO 70304 --- [restartedMain] c.shopme.admin.ShopmeBackEndApplication  : Started ShopmeBackEndApplication in 9.412 seconds (JVM running for 10.35)
