2022-09-01 14:39:15.946  INFO 70304 --- [SpringApplicationShutdownHook] j.LocalContainerEntityManagerFactoryBean : Closing JPA EntityManagerFactory for persistence unit 'default'
2022-09-01 14:39:15.964  INFO 70304 --- [SpringApplicationShutdownHook] com.zaxxer.hikari.HikariDataSource       : HikariPool-1 - Shutdown initiated...
2022-09-01 14:39:15.977  INFO 70304 --- [SpringApplicationShutdownHook] com.zaxxer.hikari.HikariDataSource       : HikariPool-1 - Shutdown completed.
2022-09-01 14:39:21.975  INFO 71357 --- [restartedMain] c.shopme.admin.ShopmeBackEndApplication  : Starting ShopmeBackEndApplication using Java 17.0.4 on drwise-ThinkPad-X240 with PID 71357 (/home/drwise/Documents/Study/Springboot Projects/intellij/Springboot Projects/ShopmeEcommerce/ShopemeProject/ShopmeWebParent/ShopmeBackEnd/target/classes started by drwise in /home/drwise/Documents/Study/Springboot Projects/intellij/Springboot Projects/ShopmeEcommerce/ShopemeProject/ShopmeWebParent/ShopmeBackEnd)
2022-09-01 14:39:21.978  INFO 71357 --- [restartedMain] c.shopme.admin.ShopmeBackEndApplication  : No active profile set, falling back to 1 default profile: "default"
2022-09-01 14:39:22.134  INFO 71357 --- [restartedMain] .e.DevToolsPropertyDefaultsPostProcessor : Devtools property defaults active! Set 'spring.devtools.add-properties' to 'false' to disable
2022-09-01 14:39:22.135  INFO 71357 --- [restartedMain] .e.DevToolsPropertyDefaultsPostProcessor : For additional web related logging consider setting the 'logging.level.web' property to 'DEBUG'
2022-09-01 14:39:23.871  INFO 71357 --- [restartedMain] .s.d.r.c.RepositoryConfigurationDelegate : Bootstrapping Spring Data JPA repositories in DEFAULT mode.
2022-09-01 14:39:24.040  INFO 71357 --- [restartedMain] .s.d.r.c.RepositoryConfigurationDelegate : Finished Spring Data repository scanning in 123 ms. Found 2 JPA repository interfaces.
2022-09-01 14:39:25.532  INFO 71357 --- [restartedMain] o.s.b.w.embedded.tomcat.TomcatWebServer  : Tomcat initialized with port(s): 8082 (http)
2022-09-01 14:39:25.561  INFO 71357 --- [restartedMain] o.apache.catalina.core.StandardService   : Starting service [Tomcat]
2022-09-01 14:39:25.562  INFO 71357 --- [restartedMain] org.apache.catalina.core.StandardEngine  : Starting Servlet engine: [Apache Tomcat/9.0.64]
2022-09-01 14:39:25.737  INFO 71357 --- [restartedMain] o.a.c.c.C.[.[localhost].[/ShopmeAdmin]   : Initializing Spring embedded WebApplicationContext
2022-09-01 14:39:25.737  INFO 71357 --- [restartedMain] w.s.c.ServletWebServerApplicationContext : Root WebApplicationContext: initialization completed in 3600 ms
2022-09-01 14:39:26.235  INFO 71357 --- [restartedMain] o.hibernate.jpa.internal.util.LogHelper  : HHH000204: Processing PersistenceUnitInfo [name: default]
2022-09-01 14:39:26.341  INFO 71357 --- [restartedMain] org.hibernate.Version                    : HHH000412: Hibernate ORM core version 5.6.9.Final
2022-09-01 14:39:26.626  INFO 71357 --- [restartedMain] o.hibernate.annotations.common.Version   : HCANN000001: Hibernate Commons Annotations {5.1.2.Final}
2022-09-01 14:39:26.799  INFO 71357 --- [restartedMain] com.zaxxer.hikari.HikariDataSource       : HikariPool-1 - Starting...
2022-09-01 14:39:27.436  INFO 71357 --- [restartedMain] com.zaxxer.hikari.HikariDataSource       : HikariPool-1 - Start completed.
2022-09-01 14:39:27.463  INFO 71357 --- [restartedMain] org.hibernate.dialect.Dialect            : HHH000400: Using dialect: org.hibernate.dialect.MySQL8Dialect
2022-09-01 14:39:28.720  INFO 71357 --- [restartedMain] o.h.e.t.j.p.i.JtaPlatformInitiator       : HHH000490: Using JtaPlatform implementation: [org.hibernate.engine.transaction.jta.platform.internal.NoJtaPlatform]
2022-09-01 14:39:28.735  INFO 71357 --- [restartedMain] j.LocalContainerEntityManagerFactoryBean : Initialized JPA EntityManagerFactory for persistence unit 'default'
2022-09-01 14:39:28.864  WARN 71357 --- [restartedMain] JpaBaseConfiguration$JpaWebConfiguration : spring.jpa.open-in-view is enabled by default. Therefore, database queries may be performed during view rendering. Explicitly configure spring.jpa.open-in-view to disable this warning
2022-09-01 14:39:29.913  WARN 71357 --- [restartedMain] o.s.s.c.a.web.builders.WebSecurity       : You are asking Spring Security to ignore Ant [pattern='/images/**']. This is not recommended -- please use permitAll via HttpSecurity#authorizeHttpRequests instead.
2022-09-01 14:39:29.914  INFO 71357 --- [restartedMain] o.s.s.web.DefaultSecurityFilterChain     : Will not secure Ant [pattern='/images/**']
2022-09-01 14:39:29.915  WARN 71357 --- [restartedMain] o.s.s.c.a.web.builders.WebSecurity       : You are asking Spring Security to ignore Ant [pattern='/js/**']. This is not recommended -- please use permitAll via HttpSecurity#authorizeHttpRequests instead.
2022-09-01 14:39:29.916  INFO 71357 --- [restartedMain] o.s.s.web.DefaultSecurityFilterChain     : Will not secure Ant [pattern='/js/**']
2022-09-01 14:39:29.916  WARN 71357 --- [restartedMain] o.s.s.c.a.web.builders.WebSecurity       : You are asking Spring Security to ignore Ant [pattern='/webjars/**']. This is not recommended -- please use permitAll via HttpSecurity#authorizeHttpRequests instead.
2022-09-01 14:39:29.916  INFO 71357 --- [restartedMain] o.s.s.web.DefaultSecurityFilterChain     : Will not secure Ant [pattern='/webjars/**']
2022-09-01 14:39:30.001  INFO 71357 --- [restartedMain] o.s.s.web.DefaultSecurityFilterChain     : Will secure any request with [org.springframework.security.web.session.DisableEncodeUrlFilter@18d621f8, org.springframework.security.web.context.request.async.WebAsyncManagerIntegrationFilter@2d41f622, org.springframework.security.web.context.SecurityContextPersistenceFilter@479033f7, org.springframework.security.web.header.HeaderWriterFilter@1a189a73, org.springframework.security.web.csrf.CsrfFilter@13fb6752, org.springframework.security.web.authentication.logout.LogoutFilter@715992de, org.springframework.security.web.authentication.UsernamePasswordAuthenticationFilter@24cc1521, org.springframework.security.web.savedrequest.RequestCacheAwareFilter@4c561124, org.springframework.security.web.servletapi.SecurityContextHolderAwareRequestFilter@4dcad314, org.springframework.security.web.authentication.rememberme.RememberMeAuthenticationFilter@56e28ddd, org.springframework.security.web.authentication.AnonymousAuthenticationFilter@2032a20c, org.springframework.security.web.session.SessionManagementFilter@55a15037, org.springframework.security.web.access.ExceptionTranslationFilter@3a6d3103, org.springframework.security.web.access.intercept.FilterSecurityInterceptor@25011923]
2022-09-01 14:39:30.421  INFO 71357 --- [restartedMain] o.s.b.a.w.s.WelcomePageHandlerMapping    : Adding welcome page template: index
2022-09-01 14:39:32.771  WARN 71357 --- [restartedMain] o.s.b.d.a.OptionalLiveReloadServer       : Unable to start LiveReload server
2022-09-01 14:39:33.190  INFO 71357 --- [restartedMain] o.s.b.w.embedded.tomcat.TomcatWebServer  : Tomcat started on port(s): 8082 (http) with context path '/ShopmeAdmin'
2022-09-01 14:39:33.205  INFO 71357 --- [restartedMain] c.shopme.admin.ShopmeBackEndApplication  : Started ShopmeBackEndApplication in 12.192 seconds (JVM running for 13.309)
2022-08-31 14:44:03.432  INFO 71357 --- [Thread-1] j.LocalContainerEntityManagerFactoryBean : Closing JPA EntityManagerFactory for persistence unit 'default'
2022-08-31 14:44:03.598  INFO 71357 --- [Thread-1] com.zaxxer.hikari.HikariDataSource       : HikariPool-1 - Shutdown initiated...
2022-08-31 14:44:03.934  INFO 71357 --- [Thread-1] com.zaxxer.hikari.HikariDataSource       : HikariPool-1 - Shutdown completed.
2022-08-31 14:44:04.612  INFO 71357 --- [restartedMain] c.shopme.admin.ShopmeBackEndApplication  : Starting ShopmeBackEndApplication using Java 17.0.4 on drwise-ThinkPad-X240 with PID 71357 (/home/drwise/Documents/Study/Springboot Projects/intellij/Springboot Projects/ShopmeEcommerce/ShopemeProject/ShopmeWebParent/ShopmeBackEnd/target/classes started by drwise in /home/drwise/Documents/Study/Springboot Projects/intellij/Springboot Projects/ShopmeEcommerce/ShopemeProject/ShopmeWebParent/ShopmeBackEnd)
2022-08-31 14:44:04.613  INFO 71357 --- [restartedMain] c.shopme.admin.ShopmeBackEndApplication  : No active profile set, falling back to 1 default profile: "default"
2022-08-31 14:44:08.399  INFO 71357 --- [restartedMain] .s.d.r.c.RepositoryConfigurationDelegate : Bootstrapping Spring Data JPA repositories in DEFAULT mode.
2022-08-31 14:44:08.554  INFO 71357 --- [restartedMain] .s.d.r.c.RepositoryConfigurationDelegate : Finished Spring Data repository scanning in 154 ms. Found 2 JPA repository interfaces.
2022-08-31 14:44:11.131  INFO 71357 --- [restartedMain] o.s.b.w.embedded.tomcat.TomcatWebServer  : Tomcat initialized with port(s): 8082 (http)
2022-08-31 14:44:11.133  INFO 71357 --- [restartedMain] o.apache.catalina.core.StandardService   : Starting service [Tomcat]
2022-08-31 14:44:11.133  INFO 71357 --- [restartedMain] org.apache.catalina.core.StandardEngine  : Starting Servlet engine: [Apache Tomcat/9.0.64]
2022-08-31 14:44:11.161  INFO 71357 --- [restartedMain] o.a.c.c.C.[.[localhost].[/ShopmeAdmin]   : Initializing Spring embedded WebApplicationContext
2022-08-31 14:44:11.161  INFO 71357 --- [restartedMain] w.s.c.ServletWebServerApplicationContext : Root WebApplicationContext: initialization completed in 6545 ms
2022-08-31 14:44:11.261  INFO 71357 --- [restartedMain] o.hibernate.jpa.internal.util.LogHelper  : HHH000204: Processing PersistenceUnitInfo [name: default]
2022-08-31 14:44:11.268  INFO 71357 --- [restartedMain] com.zaxxer.hikari.HikariDataSource       : HikariPool-2 - Starting...
2022-08-31 14:44:11.933  INFO 71357 --- [restartedMain] com.zaxxer.hikari.HikariDataSource       : HikariPool-2 - Start completed.
2022-08-31 14:44:11.933  INFO 71357 --- [restartedMain] org.hibernate.dialect.Dialect            : HHH000400: Using dialect: org.hibernate.dialect.MySQL8Dialect
2022-08-31 14:44:16.878  INFO 71357 --- [restartedMain] o.h.e.t.j.p.i.JtaPlatformInitiator       : HHH000490: Using JtaPlatform implementation: [org.hibernate.engine.transaction.jta.platform.internal.NoJtaPlatform]
2022-08-31 14:44:16.878  INFO 71357 --- [restartedMain] j.LocalContainerEntityManagerFactoryBean : Initialized JPA EntityManagerFactory for persistence unit 'default'
2022-08-31 14:44:16.918  WARN 71357 --- [restartedMain] JpaBaseConfiguration$JpaWebConfiguration : spring.jpa.open-in-view is enabled by default. Therefore, database queries may be performed during view rendering. Explicitly configure spring.jpa.open-in-view to disable this warning
2022-08-31 14:44:17.107  WARN 71357 --- [restartedMain] o.s.s.c.a.web.builders.WebSecurity       : You are asking Spring Security to ignore Ant [pattern='/images/**']. This is not recommended -- please use permitAll via HttpSecurity#authorizeHttpRequests instead.
2022-08-31 14:44:17.108  INFO 71357 --- [restartedMain] o.s.s.web.DefaultSecurityFilterChain     : Will not secure Ant [pattern='/images/**']
2022-08-31 14:44:17.109  WARN 71357 --- [restartedMain] o.s.s.c.a.web.builders.WebSecurity       : You are asking Spring Security to ignore Ant [pattern='/js/**']. This is not recommended -- please use permitAll via HttpSecurity#authorizeHttpRequests instead.
2022-08-31 14:44:17.110  INFO 71357 --- [restartedMain] o.s.s.web.DefaultSecurityFilterChain     : Will not secure Ant [pattern='/js/**']
2022-08-31 14:44:17.110  WARN 71357 --- [restartedMain] o.s.s.c.a.web.builders.WebSecurity       : You are asking Spring Security to ignore Ant [pattern='/webjars/**']. This is not recommended -- please use permitAll via HttpSecurity#authorizeHttpRequests instead.
2022-08-31 14:44:17.110  INFO 71357 --- [restartedMain] o.s.s.web.DefaultSecurityFilterChain     : Will not secure Ant [pattern='/webjars/**']
2022-08-31 14:44:17.123  INFO 71357 --- [restartedMain] o.s.s.web.DefaultSecurityFilterChain     : Will secure any request with [org.springframework.security.web.session.DisableEncodeUrlFilter@af81c12, org.springframework.security.web.context.request.async.WebAsyncManagerIntegrationFilter@249b0e0f, org.springframework.security.web.context.SecurityContextPersistenceFilter@d2a40fd, org.springframework.security.web.header.HeaderWriterFilter@78612a9f, org.springframework.security.web.csrf.CsrfFilter@5263fffd, org.springframework.security.web.authentication.logout.LogoutFilter@38ca8857, org.springframework.security.web.authentication.UsernamePasswordAuthenticationFilter@6e0c4a0, org.springframework.security.web.savedrequest.RequestCacheAwareFilter@881989b, org.springframework.security.web.servletapi.SecurityContextHolderAwareRequestFilter@79c57ec6, org.springframework.security.web.authentication.rememberme.RememberMeAuthenticationFilter@39fc7be9, org.springframework.security.web.authentication.AnonymousAuthenticationFilter@245e0bf8, org.springframework.security.web.session.SessionManagementFilter@407bc318, org.springframework.security.web.access.ExceptionTranslationFilter@3b17c724, org.springframework.security.web.access.intercept.FilterSecurityInterceptor@63b9ae8c]
2022-08-31 14:44:17.186  INFO 71357 --- [restartedMain] o.s.b.a.w.s.WelcomePageHandlerMapping    : Adding welcome page template: index
2022-08-31 14:44:18.425  WARN 71357 --- [restartedMain] o.s.b.d.a.OptionalLiveReloadServer       : Unable to start LiveReload server
2022-08-31 14:44:18.449  INFO 71357 --- [restartedMain] o.s.b.w.embedded.tomcat.TomcatWebServer  : Tomcat started on port(s): 8082 (http) with context path '/ShopmeAdmin'
2022-08-31 14:44:18.457  INFO 71357 --- [restartedMain] c.shopme.admin.ShopmeBackEndApplication  : Started ShopmeBackEndApplication in 14.024 seconds (JVM running for 281.169)
2022-08-31 14:44:18.461  INFO 71357 --- [restartedMain] .ConditionEvaluationDeltaLoggingListener : Condition evaluation unchanged
2022-08-31 14:44:21.850  INFO 71357 --- [Thread-5] j.LocalContainerEntityManagerFactoryBean : Closing JPA EntityManagerFactory for persistence unit 'default'
2022-08-31 14:44:21.851  INFO 71357 --- [Thread-5] com.zaxxer.hikari.HikariDataSource       : HikariPool-2 - Shutdown initiated...
2022-08-31 14:44:21.858  INFO 71357 --- [Thread-5] com.zaxxer.hikari.HikariDataSource       : HikariPool-2 - Shutdown completed.
2022-08-31 14:44:22.124  INFO 71357 --- [restartedMain] c.shopme.admin.ShopmeBackEndApplication  : Starting ShopmeBackEndApplication using Java 17.0.4 on drwise-ThinkPad-X240 with PID 71357 (/home/drwise/Documents/Study/Springboot Projects/intellij/Springboot Projects/ShopmeEcommerce/ShopemeProject/ShopmeWebParent/ShopmeBackEnd/target/classes started by drwise in /home/drwise/Documents/Study/Springboot Projects/intellij/Springboot Projects/ShopmeEcommerce/ShopemeProject/ShopmeWebParent/ShopmeBackEnd)
2022-08-31 14:44:22.124  INFO 71357 --- [restartedMain] c.shopme.admin.ShopmeBackEndApplication  : No active profile set, falling back to 1 default profile: "default"
2022-08-31 14:44:22.337  INFO 71357 --- [restartedMain] .s.d.r.c.RepositoryConfigurationDelegate : Bootstrapping Spring Data JPA repositories in DEFAULT mode.
2022-08-31 14:44:22.347  INFO 71357 --- [restartedMain] .s.d.r.c.RepositoryConfigurationDelegate : Finished Spring Data repository scanning in 9 ms. Found 2 JPA repository interfaces.
2022-08-31 14:44:22.465  INFO 71357 --- [restartedMain] o.s.b.w.embedded.tomcat.TomcatWebServer  : Tomcat initialized with port(s): 8082 (http)
2022-08-31 14:44:22.466  INFO 71357 --- [restartedMain] o.apache.catalina.core.StandardService   : Starting service [Tomcat]
2022-08-31 14:44:22.466  INFO 71357 --- [restartedMain] org.apache.catalina.core.StandardEngine  : Starting Servlet engine: [Apache Tomcat/9.0.64]
2022-08-31 14:44:22.488  INFO 71357 --- [restartedMain] o.a.c.c.C.[.[localhost].[/ShopmeAdmin]   : Initializing Spring embedded WebApplicationContext
2022-08-31 14:44:22.489  INFO 71357 --- [restartedMain] w.s.c.ServletWebServerApplicationContext : Root WebApplicationContext: initialization completed in 347 ms
2022-08-31 14:44:22.562  INFO 71357 --- [restartedMain] o.hibernate.jpa.internal.util.LogHelper  : HHH000204: Processing PersistenceUnitInfo [name: default]
2022-08-31 14:44:22.571  INFO 71357 --- [restartedMain] com.zaxxer.hikari.HikariDataSource       : HikariPool-3 - Starting...
2022-08-31 14:44:22.593  INFO 71357 --- [restartedMain] com.zaxxer.hikari.HikariDataSource       : HikariPool-3 - Start completed.
2022-08-31 14:44:22.593  INFO 71357 --- [restartedMain] org.hibernate.dialect.Dialect            : HHH000400: Using dialect: org.hibernate.dialect.MySQL8Dialect
2022-08-31 14:44:23.517  INFO 71357 --- [restartedMain] o.h.e.t.j.p.i.JtaPlatformInitiator       : HHH000490: Using JtaPlatform implementation: [org.hibernate.engine.transaction.jta.platform.internal.NoJtaPlatform]
2022-08-31 14:44:23.518  INFO 71357 --- [restartedMain] j.LocalContainerEntityManagerFactoryBean : Initialized JPA EntityManagerFactory for persistence unit 'default'
2022-08-31 14:44:23.559  WARN 71357 --- [restartedMain] JpaBaseConfiguration$JpaWebConfiguration : spring.jpa.open-in-view is enabled by default. Therefore, database queries may be performed during view rendering. Explicitly configure spring.jpa.open-in-view to disable this warning
2022-08-31 14:44:23.696  WARN 71357 --- [restartedMain] o.s.s.c.a.web.builders.WebSecurity       : You are asking Spring Security to ignore Ant [pattern='/images/**']. This is not recommended -- please use permitAll via HttpSecurity#authorizeHttpRequests instead.
2022-08-31 14:44:23.697  INFO 71357 --- [restartedMain] o.s.s.web.DefaultSecurityFilterChain     : Will not secure Ant [pattern='/images/**']
2022-08-31 14:44:23.697  WARN 71357 --- [restartedMain] o.s.s.c.a.web.builders.WebSecurity       : You are asking Spring Security to ignore Ant [pattern='/js/**']. This is not recommended -- please use permitAll via HttpSecurity#authorizeHttpRequests instead.
2022-08-31 14:44:23.697  INFO 71357 --- [restartedMain] o.s.s.web.DefaultSecurityFilterChain     : Will not secure Ant [pattern='/js/**']
2022-08-31 14:44:23.697  WARN 71357 --- [restartedMain] o.s.s.c.a.web.builders.WebSecurity       : You are asking Spring Security to ignore Ant [pattern='/webjars/**']. This is not recommended -- please use permitAll via HttpSecurity#authorizeHttpRequests instead.
2022-08-31 14:44:23.697  INFO 71357 --- [restartedMain] o.s.s.web.DefaultSecurityFilterChain     : Will not secure Ant [pattern='/webjars/**']
2022-08-31 14:44:23.717  INFO 71357 --- [restartedMain] o.s.s.web.DefaultSecurityFilterChain     : Will secure any request with [org.springframework.security.web.session.DisableEncodeUrlFilter@4aff27cd, org.springframework.security.web.context.request.async.WebAsyncManagerIntegrationFilter@1d457a2f, org.springframework.security.web.context.SecurityContextPersistenceFilter@3ce8cfac, org.springframework.security.web.header.HeaderWriterFilter@5875e8de, org.springframework.security.web.csrf.CsrfFilter@145d56a3, org.springframework.security.web.authentication.logout.LogoutFilter@79ff8c65, org.springframework.security.web.authentication.UsernamePasswordAuthenticationFilter@63bceb6, org.springframework.security.web.savedrequest.RequestCacheAwareFilter@4513f4a5, org.springframework.security.web.servletapi.SecurityContextHolderAwareRequestFilter@32d7c7c1, org.springframework.security.web.authentication.rememberme.RememberMeAuthenticationFilter@6174375c, org.springframework.security.web.authentication.AnonymousAuthenticationFilter@4553494f, org.springframework.security.web.session.SessionManagementFilter@42fe611e, org.springframework.security.web.access.ExceptionTranslationFilter@62737e3a, org.springframework.security.web.access.intercept.FilterSecurityInterceptor@5b218994]
2022-08-31 14:44:23.807  INFO 71357 --- [restartedMain] o.s.b.a.w.s.WelcomePageHandlerMapping    : Adding welcome page template: index
2022-08-31 14:44:24.528  WARN 71357 --- [restartedMain] o.s.b.d.a.OptionalLiveReloadServer       : Unable to start LiveReload server
2022-08-31 14:44:24.584  INFO 71357 --- [restartedMain] o.s.b.w.embedded.tomcat.TomcatWebServer  : Tomcat started on port(s): 8082 (http) with context path '/ShopmeAdmin'
2022-08-31 14:44:24.590  INFO 71357 --- [restartedMain] c.shopme.admin.ShopmeBackEndApplication  : Started ShopmeBackEndApplication in 2.589 seconds (JVM running for 287.302)
2022-08-31 14:44:24.594  INFO 71357 --- [restartedMain] .ConditionEvaluationDeltaLoggingListener : Condition evaluation unchanged
2022-08-31 14:44:44.009  INFO 71357 --- [Thread-9] j.LocalContainerEntityManagerFactoryBean : Closing JPA EntityManagerFactory for persistence unit 'default'
2022-08-31 14:44:44.010  INFO 71357 --- [Thread-9] com.zaxxer.hikari.HikariDataSource       : HikariPool-3 - Shutdown initiated...
2022-08-31 14:44:44.023  INFO 71357 --- [Thread-9] com.zaxxer.hikari.HikariDataSource       : HikariPool-3 - Shutdown completed.
2022-08-31 14:44:44.224  INFO 71357 --- [restartedMain] c.shopme.admin.ShopmeBackEndApplication  : Starting ShopmeBackEndApplication using Java 17.0.4 on drwise-ThinkPad-X240 with PID 71357 (/home/drwise/Documents/Study/Springboot Projects/intellij/Springboot Projects/ShopmeEcommerce/ShopemeProject/ShopmeWebParent/ShopmeBackEnd/target/classes started by drwise in /home/drwise/Documents/Study/Springboot Projects/intellij/Springboot Projects/ShopmeEcommerce/ShopemeProject/ShopmeWebParent/ShopmeBackEnd)
2022-08-31 14:44:44.225  INFO 71357 --- [restartedMain] c.shopme.admin.ShopmeBackEndApplication  : No active profile set, falling back to 1 default profile: "default"
2022-08-31 14:44:44.602  INFO 71357 --- [restartedMain] .s.d.r.c.RepositoryConfigurationDelegate : Bootstrapping Spring Data JPA repositories in DEFAULT mode.
2022-08-31 14:44:44.618  INFO 71357 --- [restartedMain] .s.d.r.c.RepositoryConfigurationDelegate : Finished Spring Data repository scanning in 15 ms. Found 2 JPA repository interfaces.
2022-08-31 14:44:44.932  INFO 71357 --- [restartedMain] o.s.b.w.embedded.tomcat.TomcatWebServer  : Tomcat initialized with port(s): 8082 (http)
2022-08-31 14:44:44.946  INFO 71357 --- [restartedMain] o.apache.catalina.core.StandardService   : Starting service [Tomcat]
2022-08-31 14:44:44.948  INFO 71357 --- [restartedMain] org.apache.catalina.core.StandardEngine  : Starting Servlet engine: [Apache Tomcat/9.0.64]
2022-08-31 14:44:44.981  INFO 71357 --- [restartedMain] o.a.c.c.C.[.[localhost].[/ShopmeAdmin]   : Initializing Spring embedded WebApplicationContext
2022-08-31 14:44:44.981  INFO 71357 --- [restartedMain] w.s.c.ServletWebServerApplicationContext : Root WebApplicationContext: initialization completed in 745 ms
2022-08-31 14:44:45.087  INFO 71357 --- [restartedMain] o.hibernate.jpa.internal.util.LogHelper  : HHH000204: Processing PersistenceUnitInfo [name: default]
2022-08-31 14:44:45.094  INFO 71357 --- [restartedMain] com.zaxxer.hikari.HikariDataSource       : HikariPool-4 - Starting...
2022-08-31 14:44:45.139  INFO 71357 --- [restartedMain] com.zaxxer.hikari.HikariDataSource       : HikariPool-4 - Start completed.
2022-08-31 14:44:45.139  INFO 71357 --- [restartedMain] org.hibernate.dialect.Dialect            : HHH000400: Using dialect: org.hibernate.dialect.MySQL8Dialect
2022-08-31 14:44:45.432  INFO 71357 --- [restartedMain] o.h.e.t.j.p.i.JtaPlatformInitiator       : HHH000490: Using JtaPlatform implementation: [org.hibernate.engine.transaction.jta.platform.internal.NoJtaPlatform]
2022-08-31 14:44:45.432  INFO 71357 --- [restartedMain] j.LocalContainerEntityManagerFactoryBean : Initialized JPA EntityManagerFactory for persistence unit 'default'
2022-08-31 14:44:45.471  WARN 71357 --- [restartedMain] JpaBaseConfiguration$JpaWebConfiguration : spring.jpa.open-in-view is enabled by default. Therefore, database queries may be performed during view rendering. Explicitly configure spring.jpa.open-in-view to disable this warning
2022-08-31 14:44:45.594  WARN 71357 --- [restartedMain] o.s.s.c.a.web.builders.WebSecurity       : You are asking Spring Security to ignore Ant [pattern='/images/**']. This is not recommended -- please use permitAll via HttpSecurity#authorizeHttpRequests instead.
2022-08-31 14:44:45.595  INFO 71357 --- [restartedMain] o.s.s.web.DefaultSecurityFilterChain     : Will not secure Ant [pattern='/images/**']
2022-08-31 14:44:45.595  WARN 71357 --- [restartedMain] o.s.s.c.a.web.builders.WebSecurity       : You are asking Spring Security to ignore Ant [pattern='/js/**']. This is not recommended -- please use permitAll via HttpSecurity#authorizeHttpRequests instead.
2022-08-31 14:44:45.595  INFO 71357 --- [restartedMain] o.s.s.web.DefaultSecurityFilterChain     : Will not secure Ant [pattern='/js/**']
2022-08-31 14:44:45.595  WARN 71357 --- [restartedMain] o.s.s.c.a.web.builders.WebSecurity       : You are asking Spring Security to ignore Ant [pattern='/webjars/**']. This is not recommended -- please use permitAll via HttpSecurity#authorizeHttpRequests instead.
2022-08-31 14:44:45.595  INFO 71357 --- [restartedMain] o.s.s.web.DefaultSecurityFilterChain     : Will not secure Ant [pattern='/webjars/**']
2022-08-31 14:44:45.612  INFO 71357 --- [restartedMain] o.s.s.web.DefaultSecurityFilterChain     : Will secure any request with [org.springframework.security.web.session.DisableEncodeUrlFilter@52152aad, org.springframework.security.web.context.request.async.WebAsyncManagerIntegrationFilter@43130403, org.springframework.security.web.context.SecurityContextPersistenceFilter@29afab44, org.springframework.security.web.header.HeaderWriterFilter@5f12dd23, org.springframework.security.web.csrf.CsrfFilter@2f20c0fb, org.springframework.security.web.authentication.logout.LogoutFilter@2dd388d5, org.springframework.security.web.authentication.UsernamePasswordAuthenticationFilter@6b939538, org.springframework.security.web.savedrequest.RequestCacheAwareFilter@3cc846cb, org.springframework.security.web.servletapi.SecurityContextHolderAwareRequestFilter@75fa7fb4, org.springframework.security.web.authentication.rememberme.RememberMeAuthenticationFilter@3fa95f47, org.springframework.security.web.authentication.AnonymousAuthenticationFilter@34de730c, org.springframework.security.web.session.SessionManagementFilter@2184a3, org.springframework.security.web.access.ExceptionTranslationFilter@9a39a20, org.springframework.security.web.access.intercept.FilterSecurityInterceptor@5bc95bcf]
2022-08-31 14:44:45.662  INFO 71357 --- [restartedMain] o.s.b.a.w.s.WelcomePageHandlerMapping    : Adding welcome page template: index
2022-08-31 14:44:46.253  WARN 71357 --- [restartedMain] o.s.b.d.a.OptionalLiveReloadServer       : Unable to start LiveReload server
2022-08-31 14:44:46.273  INFO 71357 --- [restartedMain] o.s.b.w.embedded.tomcat.TomcatWebServer  : Tomcat started on port(s): 8082 (http) with context path '/ShopmeAdmin'
2022-08-31 14:44:46.281  INFO 71357 --- [restartedMain] c.shopme.admin.ShopmeBackEndApplication  : Started ShopmeBackEndApplication in 2.128 seconds (JVM running for 308.994)
2022-08-31 14:44:46.285  INFO 71357 --- [restartedMain] .ConditionEvaluationDeltaLoggingListener : Condition evaluation unchanged
2022-08-31 14:44:47.693  INFO 71357 --- [Thread-13] j.LocalContainerEntityManagerFactoryBean : Closing JPA EntityManagerFactory for persistence unit 'default'
2022-08-31 14:44:47.695  INFO 71357 --- [Thread-13] com.zaxxer.hikari.HikariDataSource       : HikariPool-4 - Shutdown initiated...
2022-08-31 14:44:47.710  INFO 71357 --- [Thread-13] com.zaxxer.hikari.HikariDataSource       : HikariPool-4 - Shutdown completed.
2022-08-31 14:44:47.862  INFO 71357 --- [restartedMain] c.shopme.admin.ShopmeBackEndApplication  : Starting ShopmeBackEndApplication using Java 17.0.4 on drwise-ThinkPad-X240 with PID 71357 (/home/drwise/Documents/Study/Springboot Projects/intellij/Springboot Projects/ShopmeEcommerce/ShopemeProject/ShopmeWebParent/ShopmeBackEnd/target/classes started by drwise in /home/drwise/Documents/Study/Springboot Projects/intellij/Springboot Projects/ShopmeEcommerce/ShopemeProject/ShopmeWebParent/ShopmeBackEnd)
2022-08-31 14:44:47.862  INFO 71357 --- [restartedMain] c.shopme.admin.ShopmeBackEndApplication  : No active profile set, falling back to 1 default profile: "default"
2022-08-31 14:44:48.183  INFO 71357 --- [restartedMain] .s.d.r.c.RepositoryConfigurationDelegate : Bootstrapping Spring Data JPA repositories in DEFAULT mode.
2022-08-31 14:44:48.196  INFO 71357 --- [restartedMain] .s.d.r.c.RepositoryConfigurationDelegate : Finished Spring Data repository scanning in 12 ms. Found 2 JPA repository interfaces.
2022-08-31 14:44:48.346  INFO 71357 --- [restartedMain] o.s.b.w.embedded.tomcat.TomcatWebServer  : Tomcat initialized with port(s): 8082 (http)
2022-08-31 14:44:48.347  INFO 71357 --- [restartedMain] o.apache.catalina.core.StandardService   : Starting service [Tomcat]
2022-08-31 14:44:48.348  INFO 71357 --- [restartedMain] org.apache.catalina.core.StandardEngine  : Starting Servlet engine: [Apache Tomcat/9.0.64]
2022-08-31 14:44:48.364  INFO 71357 --- [restartedMain] o.a.c.c.C.[.[localhost].[/ShopmeAdmin]   : Initializing Spring embedded WebApplicationContext
2022-08-31 14:44:48.365  INFO 71357 --- [restartedMain] w.s.c.ServletWebServerApplicationContext : Root WebApplicationContext: initialization completed in 499 ms
2022-08-31 14:44:48.451  INFO 71357 --- [restartedMain] o.hibernate.jpa.internal.util.LogHelper  : HHH000204: Processing PersistenceUnitInfo [name: default]
2022-08-31 14:44:48.456  INFO 71357 --- [restartedMain] com.zaxxer.hikari.HikariDataSource       : HikariPool-5 - Starting...
2022-08-31 14:44:48.486  INFO 71357 --- [restartedMain] com.zaxxer.hikari.HikariDataSource       : HikariPool-5 - Start completed.
2022-08-31 14:44:48.486  INFO 71357 --- [restartedMain] org.hibernate.dialect.Dialect            : HHH000400: Using dialect: org.hibernate.dialect.MySQL8Dialect
2022-08-31 14:44:48.644  INFO 71357 --- [restartedMain] o.h.e.t.j.p.i.JtaPlatformInitiator       : HHH000490: Using JtaPlatform implementation: [org.hibernate.engine.transaction.jta.platform.internal.NoJtaPlatform]
2022-08-31 14:44:48.645  INFO 71357 --- [restartedMain] j.LocalContainerEntityManagerFactoryBean : Initialized JPA EntityManagerFactory for persistence unit 'default'
2022-08-31 14:44:48.684  WARN 71357 --- [restartedMain] JpaBaseConfiguration$JpaWebConfiguration : spring.jpa.open-in-view is enabled by default. Therefore, database queries may be performed during view rendering. Explicitly configure spring.jpa.open-in-view to disable this warning
2022-08-31 14:44:48.889  WARN 71357 --- [restartedMain] o.s.s.c.a.web.builders.WebSecurity       : You are asking Spring Security to ignore Ant [pattern='/images/**']. This is not recommended -- please use permitAll via HttpSecurity#authorizeHttpRequests instead.
2022-08-31 14:44:48.892  INFO 71357 --- [restartedMain] o.s.s.web.DefaultSecurityFilterChain     : Will not secure Ant [pattern='/images/**']
2022-08-31 14:44:48.892  WARN 71357 --- [restartedMain] o.s.s.c.a.web.builders.WebSecurity       : You are asking Spring Security to ignore Ant [pattern='/js/**']. This is not recommended -- please use permitAll via HttpSecurity#authorizeHttpRequests instead.
2022-08-31 14:44:48.892  INFO 71357 --- [restartedMain] o.s.s.web.DefaultSecurityFilterChain     : Will not secure Ant [pattern='/js/**']
2022-08-31 14:44:48.892  WARN 71357 --- [restartedMain] o.s.s.c.a.web.builders.WebSecurity       : You are asking Spring Security to ignore Ant [pattern='/webjars/**']. This is not recommended -- please use permitAll via HttpSecurity#authorizeHttpRequests instead.
2022-08-31 14:44:48.892  INFO 71357 --- [restartedMain] o.s.s.web.DefaultSecurityFilterChain     : Will not secure Ant [pattern='/webjars/**']
2022-08-31 14:44:48.945  INFO 71357 --- [restartedMain] o.s.s.web.DefaultSecurityFilterChain     : Will secure any request with [org.springframework.security.web.session.DisableEncodeUrlFilter@79c76af0, org.springframework.security.web.context.request.async.WebAsyncManagerIntegrationFilter@f23e868, org.springframework.security.web.context.SecurityContextPersistenceFilter@4bb5a8c, org.springframework.security.web.header.HeaderWriterFilter@2d091d15, org.springframework.security.web.csrf.CsrfFilter@783a722b, org.springframework.security.web.authentication.logout.LogoutFilter@1b22b70, org.springframework.security.web.authentication.UsernamePasswordAuthenticationFilter@254831bc, org.springframework.security.web.savedrequest.RequestCacheAwareFilter@4b3e7bc2, org.springframework.security.web.servletapi.SecurityContextHolderAwareRequestFilter@2e3a2605, org.springframework.security.web.authentication.rememberme.RememberMeAuthenticationFilter@51d4d307, org.springframework.security.web.authentication.AnonymousAuthenticationFilter@6b02fde1, org.springframework.security.web.session.SessionManagementFilter@2f3bde6a, org.springframework.security.web.access.ExceptionTranslationFilter@54137b32, org.springframework.security.web.access.intercept.FilterSecurityInterceptor@9afe7bf]
2022-08-31 14:44:49.054  INFO 71357 --- [restartedMain] o.s.b.a.w.s.WelcomePageHandlerMapping    : Adding welcome page template: index
2022-08-31 14:44:49.553  WARN 71357 --- [restartedMain] o.s.b.d.a.OptionalLiveReloadServer       : Unable to start LiveReload server
2022-08-31 14:44:49.561  INFO 71357 --- [restartedMain] o.s.b.w.embedded.tomcat.TomcatWebServer  : Tomcat started on port(s): 8082 (http) with context path '/ShopmeAdmin'
2022-08-31 14:44:49.564  INFO 71357 --- [restartedMain] c.shopme.admin.ShopmeBackEndApplication  : Started ShopmeBackEndApplication in 1.746 seconds (JVM running for 312.277)
2022-08-31 14:44:49.567  INFO 71357 --- [restartedMain] .ConditionEvaluationDeltaLoggingListener : Condition evaluation unchanged
2022-08-31 15:04:03.000  INFO 71357 --- [Thread-17] j.LocalContainerEntityManagerFactoryBean : Closing JPA EntityManagerFactory for persistence unit 'default'
2022-08-31 15:04:03.198  INFO 71357 --- [Thread-17] com.zaxxer.hikari.HikariDataSource       : HikariPool-5 - Shutdown initiated...
2022-08-31 15:04:03.205  INFO 71357 --- [Thread-17] com.zaxxer.hikari.HikariDataSource       : HikariPool-5 - Shutdown completed.
2022-08-31 15:04:03.296  INFO 71357 --- [restartedMain] c.shopme.admin.ShopmeBackEndApplication  : Starting ShopmeBackEndApplication using Java 17.0.4 on drwise-ThinkPad-X240 with PID 71357 (/home/drwise/Documents/Study/Springboot Projects/intellij/Springboot Projects/ShopmeEcommerce/ShopemeProject/ShopmeWebParent/ShopmeBackEnd/target/classes started by drwise in /home/drwise/Documents/Study/Springboot Projects/intellij/Springboot Projects/ShopmeEcommerce/ShopemeProject/ShopmeWebParent/ShopmeBackEnd)
2022-08-31 15:04:03.296  INFO 71357 --- [restartedMain] c.shopme.admin.ShopmeBackEndApplication  : No active profile set, falling back to 1 default profile: "default"
2022-08-31 15:04:03.483  INFO 71357 --- [restartedMain] .s.d.r.c.RepositoryConfigurationDelegate : Bootstrapping Spring Data JPA repositories in DEFAULT mode.
2022-08-31 15:04:03.501  INFO 71357 --- [restartedMain] .s.d.r.c.RepositoryConfigurationDelegate : Finished Spring Data repository scanning in 16 ms. Found 2 JPA repository interfaces.
2022-08-31 15:04:03.755  INFO 71357 --- [restartedMain] o.s.b.w.embedded.tomcat.TomcatWebServer  : Tomcat initialized with port(s): 8082 (http)
2022-08-31 15:04:03.756  INFO 71357 --- [restartedMain] o.apache.catalina.core.StandardService   : Starting service [Tomcat]
2022-08-31 15:04:03.757  INFO 71357 --- [restartedMain] org.apache.catalina.core.StandardEngine  : Starting Servlet engine: [Apache Tomcat/9.0.64]
2022-08-31 15:04:03.779  INFO 71357 --- [restartedMain] o.a.c.c.C.[.[localhost].[/ShopmeAdmin]   : Initializing Spring embedded WebApplicationContext
2022-08-31 15:04:03.779  INFO 71357 --- [restartedMain] w.s.c.ServletWebServerApplicationContext : Root WebApplicationContext: initialization completed in 480 ms
2022-08-31 15:04:03.935  INFO 71357 --- [restartedMain] o.hibernate.jpa.internal.util.LogHelper  : HHH000204: Processing PersistenceUnitInfo [name: default]
2022-08-31 15:04:03.943  INFO 71357 --- [restartedMain] com.zaxxer.hikari.HikariDataSource       : HikariPool-6 - Starting...
2022-08-31 15:04:04.000  INFO 71357 --- [restartedMain] com.zaxxer.hikari.HikariDataSource       : HikariPool-6 - Start completed.
2022-08-31 15:04:04.001  INFO 71357 --- [restartedMain] org.hibernate.dialect.Dialect            : HHH000400: Using dialect: org.hibernate.dialect.MySQL8Dialect
2022-08-31 15:04:04.536  INFO 71357 --- [restartedMain] o.h.e.t.j.p.i.JtaPlatformInitiator       : HHH000490: Using JtaPlatform implementation: [org.hibernate.engine.transaction.jta.platform.internal.NoJtaPlatform]
2022-08-31 15:04:04.537  INFO 71357 --- [restartedMain] j.LocalContainerEntityManagerFactoryBean : Initialized JPA EntityManagerFactory for persistence unit 'default'
2022-08-31 15:04:04.668  WARN 71357 --- [restartedMain] JpaBaseConfiguration$JpaWebConfiguration : spring.jpa.open-in-view is enabled by default. Therefore, database queries may be performed during view rendering. Explicitly configure spring.jpa.open-in-view to disable this warning
2022-08-31 15:04:05.211  WARN 71357 --- [restartedMain] o.s.s.c.a.web.builders.WebSecurity       : You are asking Spring Security to ignore Ant [pattern='/images/**']. This is not recommended -- please use permitAll via HttpSecurity#authorizeHttpRequests instead.
2022-08-31 15:04:05.219  INFO 71357 --- [restartedMain] o.s.s.web.DefaultSecurityFilterChain     : Will not secure Ant [pattern='/images/**']
2022-08-31 15:04:05.219  WARN 71357 --- [restartedMain] o.s.s.c.a.web.builders.WebSecurity       : You are asking Spring Security to ignore Ant [pattern='/js/**']. This is not recommended -- please use permitAll via HttpSecurity#authorizeHttpRequests instead.
2022-08-31 15:04:05.219  INFO 71357 --- [restartedMain] o.s.s.web.DefaultSecurityFilterChain     : Will not secure Ant [pattern='/js/**']
2022-08-31 15:04:05.219  WARN 71357 --- [restartedMain] o.s.s.c.a.web.builders.WebSecurity       : You are asking Spring Security to ignore Ant [pattern='/webjars/**']. This is not recommended -- please use permitAll via HttpSecurity#authorizeHttpRequests instead.
2022-08-31 15:04:05.219  INFO 71357 --- [restartedMain] o.s.s.web.DefaultSecurityFilterChain     : Will not secure Ant [pattern='/webjars/**']
2022-08-31 15:04:05.245  INFO 71357 --- [restartedMain] o.s.s.web.DefaultSecurityFilterChain     : Will secure any request with [org.springframework.security.web.session.DisableEncodeUrlFilter@500378ee, org.springframework.security.web.context.request.async.WebAsyncManagerIntegrationFilter@2a1f86f1, org.springframework.security.web.context.SecurityContextPersistenceFilter@5e8a0e95, org.springframework.security.web.header.HeaderWriterFilter@46ed0ad2, org.springframework.security.web.csrf.CsrfFilter@54707624, org.springframework.security.web.authentication.logout.LogoutFilter@447e617c, org.springframework.security.web.authentication.UsernamePasswordAuthenticationFilter@7aaa7d47, org.springframework.security.web.savedrequest.RequestCacheAwareFilter@92ce668, org.springframework.security.web.servletapi.SecurityContextHolderAwareRequestFilter@2739c605, org.springframework.security.web.authentication.rememberme.RememberMeAuthenticationFilter@1c94ba, org.springframework.security.web.authentication.AnonymousAuthenticationFilter@37696b0, org.springframework.security.web.session.SessionManagementFilter@99c88d4, org.springframework.security.web.access.ExceptionTranslationFilter@50e0e23e, org.springframework.security.web.access.intercept.FilterSecurityInterceptor@69326a9d]
2022-08-31 15:04:05.396  INFO 71357 --- [restartedMain] o.s.b.a.w.s.WelcomePageHandlerMapping    : Adding welcome page template: index
2022-08-31 15:04:07.017  WARN 71357 --- [restartedMain] o.s.b.d.a.OptionalLiveReloadServer       : Unable to start LiveReload server
2022-08-31 15:04:07.165  INFO 71357 --- [restartedMain] o.s.b.w.embedded.tomcat.TomcatWebServer  : Tomcat started on port(s): 8082 (http) with context path '/ShopmeAdmin'
2022-08-31 15:04:07.171  INFO 71357 --- [restartedMain] c.shopme.admin.ShopmeBackEndApplication  : Started ShopmeBackEndApplication in 3.897 seconds (JVM running for 1469.883)
2022-08-31 15:04:07.174  INFO 71357 --- [restartedMain] .ConditionEvaluationDeltaLoggingListener : Condition evaluation unchanged
2022-08-31 15:04:11.454  INFO 71357 --- [Thread-21] j.LocalContainerEntityManagerFactoryBean : Closing JPA EntityManagerFactory for persistence unit 'default'
2022-08-31 15:04:11.456  INFO 71357 --- [Thread-21] com.zaxxer.hikari.HikariDataSource       : HikariPool-6 - Shutdown initiated...
2022-08-31 15:04:11.479  INFO 71357 --- [Thread-21] com.zaxxer.hikari.HikariDataSource       : HikariPool-6 - Shutdown completed.
2022-08-31 15:04:11.781  INFO 71357 --- [restartedMain] c.shopme.admin.ShopmeBackEndApplication  : Starting ShopmeBackEndApplication using Java 17.0.4 on drwise-ThinkPad-X240 with PID 71357 (/home/drwise/Documents/Study/Springboot Projects/intellij/Springboot Projects/ShopmeEcommerce/ShopemeProject/ShopmeWebParent/ShopmeBackEnd/target/classes started by drwise in /home/drwise/Documents/Study/Springboot Projects/intellij/Springboot Projects/ShopmeEcommerce/ShopemeProject/ShopmeWebParent/ShopmeBackEnd)
2022-08-31 15:04:11.782  INFO 71357 --- [restartedMain] c.shopme.admin.ShopmeBackEndApplication  : No active profile set, falling back to 1 default profile: "default"
2022-08-31 15:04:12.299  INFO 71357 --- [restartedMain] .s.d.r.c.RepositoryConfigurationDelegate : Bootstrapping Spring Data JPA repositories in DEFAULT mode.
2022-08-31 15:04:12.325  INFO 71357 --- [restartedMain] .s.d.r.c.RepositoryConfigurationDelegate : Finished Spring Data repository scanning in 20 ms. Found 2 JPA repository interfaces.
2022-08-31 15:04:12.659  INFO 71357 --- [restartedMain] o.s.b.w.embedded.tomcat.TomcatWebServer  : Tomcat initialized with port(s): 8082 (http)
2022-08-31 15:04:12.661  INFO 71357 --- [restartedMain] o.apache.catalina.core.StandardService   : Starting service [Tomcat]
2022-08-31 15:04:12.662  INFO 71357 --- [restartedMain] org.apache.catalina.core.StandardEngine  : Starting Servlet engine: [Apache Tomcat/9.0.64]
2022-08-31 15:04:12.697  INFO 71357 --- [restartedMain] o.a.c.c.C.[.[localhost].[/ShopmeAdmin]   : Initializing Spring embedded WebApplicationContext
2022-08-31 15:04:12.697  INFO 71357 --- [restartedMain] w.s.c.ServletWebServerApplicationContext : Root WebApplicationContext: initialization completed in 912 ms
2022-08-31 15:04:12.843  INFO 71357 --- [restartedMain] o.hibernate.jpa.internal.util.LogHelper  : HHH000204: Processing PersistenceUnitInfo [name: default]
2022-08-31 15:04:12.851  INFO 71357 --- [restartedMain] com.zaxxer.hikari.HikariDataSource       : HikariPool-7 - Starting...
2022-08-31 15:04:12.982  INFO 71357 --- [restartedMain] com.zaxxer.hikari.HikariDataSource       : HikariPool-7 - Start completed.
2022-08-31 15:04:12.983  INFO 71357 --- [restartedMain] org.hibernate.dialect.Dialect            : HHH000400: Using dialect: org.hibernate.dialect.MySQL8Dialect
2022-08-31 15:04:13.125  INFO 71357 --- [restartedMain] o.h.e.t.j.p.i.JtaPlatformInitiator       : HHH000490: Using JtaPlatform implementation: [org.hibernate.engine.transaction.jta.platform.internal.NoJtaPlatform]
2022-08-31 15:04:13.126  INFO 71357 --- [restartedMain] j.LocalContainerEntityManagerFactoryBean : Initialized JPA EntityManagerFactory for persistence unit 'default'
2022-08-31 15:04:13.258  WARN 71357 --- [restartedMain] JpaBaseConfiguration$JpaWebConfiguration : spring.jpa.open-in-view is enabled by default. Therefore, database queries may be performed during view rendering. Explicitly configure spring.jpa.open-in-view to disable this warning
2022-08-31 15:04:13.666  WARN 71357 --- [restartedMain] o.s.s.c.a.web.builders.WebSecurity       : You are asking Spring Security to ignore Ant [pattern='/images/**']. This is not recommended -- please use permitAll via HttpSecurity#authorizeHttpRequests instead.
2022-08-31 15:04:13.667  INFO 71357 --- [restartedMain] o.s.s.web.DefaultSecurityFilterChain     : Will not secure Ant [pattern='/images/**']
2022-08-31 15:04:13.674  WARN 71357 --- [restartedMain] o.s.s.c.a.web.builders.WebSecurity       : You are asking Spring Security to ignore Ant [pattern='/js/**']. This is not recommended -- please use permitAll via HttpSecurity#authorizeHttpRequests instead.
2022-08-31 15:04:13.674  INFO 71357 --- [restartedMain] o.s.s.web.DefaultSecurityFilterChain     : Will not secure Ant [pattern='/js/**']
2022-08-31 15:04:13.674  WARN 71357 --- [restartedMain] o.s.s.c.a.web.builders.WebSecurity       : You are asking Spring Security to ignore Ant [pattern='/webjars/**']. This is not recommended -- please use permitAll via HttpSecurity#authorizeHttpRequests instead.
2022-08-31 15:04:13.674  INFO 71357 --- [restartedMain] o.s.s.web.DefaultSecurityFilterChain     : Will not secure Ant [pattern='/webjars/**']
2022-08-31 15:04:13.698  INFO 71357 --- [restartedMain] o.s.s.web.DefaultSecurityFilterChain     : Will secure any request with [org.springframework.security.web.session.DisableEncodeUrlFilter@7267817c, org.springframework.security.web.context.request.async.WebAsyncManagerIntegrationFilter@6ca92b7f, org.springframework.security.web.context.SecurityContextPersistenceFilter@2f6a6b29, org.springframework.security.web.header.HeaderWriterFilter@132e3ccc, org.springframework.security.web.csrf.CsrfFilter@5a755317, org.springframework.security.web.authentication.logout.LogoutFilter@16e3734c, org.springframework.security.web.authentication.UsernamePasswordAuthenticationFilter@15c2a143, org.springframework.security.web.savedrequest.RequestCacheAwareFilter@6c249ed3, org.springframework.security.web.servletapi.SecurityContextHolderAwareRequestFilter@e0e07c7, org.springframework.security.web.authentication.rememberme.RememberMeAuthenticationFilter@5ecbfe87, org.springframework.security.web.authentication.AnonymousAuthenticationFilter@6c614710, org.springframework.security.web.session.SessionManagementFilter@5ff7762b, org.springframework.security.web.access.ExceptionTranslationFilter@7666bd7a, org.springframework.security.web.access.intercept.FilterSecurityInterceptor@37352cbb]
2022-08-31 15:04:13.820  INFO 71357 --- [restartedMain] o.s.b.a.w.s.WelcomePageHandlerMapping    : Adding welcome page template: index
2022-08-31 15:04:14.905  WARN 71357 --- [restartedMain] o.s.b.d.a.OptionalLiveReloadServer       : Unable to start LiveReload server
2022-08-31 15:04:14.974  INFO 71357 --- [restartedMain] o.s.b.w.embedded.tomcat.TomcatWebServer  : Tomcat started on port(s): 8082 (http) with context path '/ShopmeAdmin'
2022-08-31 15:04:14.979  INFO 71357 --- [restartedMain] c.shopme.admin.ShopmeBackEndApplication  : Started ShopmeBackEndApplication in 3.307 seconds (JVM running for 1477.692)
2022-08-31 15:04:14.990  INFO 71357 --- [restartedMain] .ConditionEvaluationDeltaLoggingListener : Condition evaluation unchanged
2022-08-31 15:04:17.971  INFO 71357 --- [SpringApplicationShutdownHook] j.LocalContainerEntityManagerFactoryBean : Closing JPA EntityManagerFactory for persistence unit 'default'
2022-08-31 15:04:17.972  INFO 71357 --- [SpringApplicationShutdownHook] com.zaxxer.hikari.HikariDataSource       : HikariPool-7 - Shutdown initiated...
2022-08-31 15:04:18.004  INFO 71357 --- [SpringApplicationShutdownHook] com.zaxxer.hikari.HikariDataSource       : HikariPool-7 - Shutdown completed.
2022-08-31 15:04:32.137  INFO 74466 --- [restartedMain] c.shopme.admin.ShopmeBackEndApplication  : Starting ShopmeBackEndApplication using Java 17.0.4 on drwise-ThinkPad-X240 with PID 74466 (/home/drwise/Documents/Study/Springboot Projects/intellij/Springboot Projects/ShopmeEcommerce/ShopemeProject/ShopmeWebParent/ShopmeBackEnd/target/classes started by drwise in /home/drwise/Documents/Study/Springboot Projects/intellij/Springboot Projects/ShopmeEcommerce/ShopemeProject/ShopmeWebParent/ShopmeBackEnd)
2022-08-31 15:04:32.139  INFO 74466 --- [restartedMain] c.shopme.admin.ShopmeBackEndApplication  : No active profile set, falling back to 1 default profile: "default"
2022-08-31 15:04:32.357  INFO 74466 --- [restartedMain] .e.DevToolsPropertyDefaultsPostProcessor : Devtools property defaults active! Set 'spring.devtools.add-properties' to 'false' to disable
2022-08-31 15:04:32.358  INFO 74466 --- [restartedMain] .e.DevToolsPropertyDefaultsPostProcessor : For additional web related logging consider setting the 'logging.level.web' property to 'DEBUG'
2022-08-31 15:04:35.356  INFO 74466 --- [restartedMain] .s.d.r.c.RepositoryConfigurationDelegate : Bootstrapping Spring Data JPA repositories in DEFAULT mode.
2022-08-31 15:04:35.495  INFO 74466 --- [restartedMain] .s.d.r.c.RepositoryConfigurationDelegate : Finished Spring Data repository scanning in 105 ms. Found 2 JPA repository interfaces.
2022-08-31 15:04:37.825  INFO 74466 --- [restartedMain] o.s.b.w.embedded.tomcat.TomcatWebServer  : Tomcat initialized with port(s): 8082 (http)
2022-08-31 15:04:37.841  INFO 74466 --- [restartedMain] o.apache.catalina.core.StandardService   : Starting service [Tomcat]
2022-08-31 15:04:37.842  INFO 74466 --- [restartedMain] org.apache.catalina.core.StandardEngine  : Starting Servlet engine: [Apache Tomcat/9.0.64]
2022-08-31 15:04:38.054  INFO 74466 --- [restartedMain] o.a.c.c.C.[.[localhost].[/ShopmeAdmin]   : Initializing Spring embedded WebApplicationContext
2022-08-31 15:04:38.056  INFO 74466 --- [restartedMain] w.s.c.ServletWebServerApplicationContext : Root WebApplicationContext: initialization completed in 5697 ms
2022-08-31 15:04:38.846  INFO 74466 --- [restartedMain] o.hibernate.jpa.internal.util.LogHelper  : HHH000204: Processing PersistenceUnitInfo [name: default]
2022-08-31 15:04:39.580  INFO 74466 --- [restartedMain] org.hibernate.Version                    : HHH000412: Hibernate ORM core version 5.6.9.Final
2022-08-31 15:04:40.045  INFO 74466 --- [restartedMain] o.hibernate.annotations.common.Version   : HCANN000001: Hibernate Commons Annotations {5.1.2.Final}
2022-08-31 15:04:40.317  INFO 74466 --- [restartedMain] com.zaxxer.hikari.HikariDataSource       : HikariPool-1 - Starting...
2022-08-31 15:04:41.405  INFO 74466 --- [restartedMain] com.zaxxer.hikari.HikariDataSource       : HikariPool-1 - Start completed.
2022-08-31 15:04:41.500  INFO 74466 --- [restartedMain] org.hibernate.dialect.Dialect            : HHH000400: Using dialect: org.hibernate.dialect.MySQL8Dialect
2022-08-31 15:04:43.178  INFO 74466 --- [restartedMain] o.h.e.t.j.p.i.JtaPlatformInitiator       : HHH000490: Using JtaPlatform implementation: [org.hibernate.engine.transaction.jta.platform.internal.NoJtaPlatform]
2022-08-31 15:04:43.187  INFO 74466 --- [restartedMain] j.LocalContainerEntityManagerFactoryBean : Initialized JPA EntityManagerFactory for persistence unit 'default'
2022-08-31 15:04:43.309  WARN 74466 --- [restartedMain] JpaBaseConfiguration$JpaWebConfiguration : spring.jpa.open-in-view is enabled by default. Therefore, database queries may be performed during view rendering. Explicitly configure spring.jpa.open-in-view to disable this warning
2022-08-31 15:04:44.622  WARN 74466 --- [restartedMain] o.s.s.c.a.web.builders.WebSecurity       : You are asking Spring Security to ignore Ant [pattern='/images/**']. This is not recommended -- please use permitAll via HttpSecurity#authorizeHttpRequests instead.
2022-08-31 15:04:44.623  INFO 74466 --- [restartedMain] o.s.s.web.DefaultSecurityFilterChain     : Will not secure Ant [pattern='/images/**']
2022-08-31 15:04:44.625  WARN 74466 --- [restartedMain] o.s.s.c.a.web.builders.WebSecurity       : You are asking Spring Security to ignore Ant [pattern='/js/**']. This is not recommended -- please use permitAll via HttpSecurity#authorizeHttpRequests instead.
2022-08-31 15:04:44.625  INFO 74466 --- [restartedMain] o.s.s.web.DefaultSecurityFilterChain     : Will not secure Ant [pattern='/js/**']
2022-08-31 15:04:44.625  WARN 74466 --- [restartedMain] o.s.s.c.a.web.builders.WebSecurity       : You are asking Spring Security to ignore Ant [pattern='/webjars/**']. This is not recommended -- please use permitAll via HttpSecurity#authorizeHttpRequests instead.
2022-08-31 15:04:44.626  INFO 74466 --- [restartedMain] o.s.s.web.DefaultSecurityFilterChain     : Will not secure Ant [pattern='/webjars/**']
2022-08-31 15:04:44.726  INFO 74466 --- [restartedMain] o.s.s.web.DefaultSecurityFilterChain     : Will secure any request with [org.springframework.security.web.session.DisableEncodeUrlFilter@5f254f9f, org.springframework.security.web.context.request.async.WebAsyncManagerIntegrationFilter@5edb8616, org.springframework.security.web.context.SecurityContextPersistenceFilter@79a9a1a8, org.springframework.security.web.header.HeaderWriterFilter@30d99cfa, org.springframework.security.web.csrf.CsrfFilter@39e93173, org.springframework.security.web.authentication.logout.LogoutFilter@430839e5, org.springframework.security.web.authentication.UsernamePasswordAuthenticationFilter@51afbbf2, org.springframework.security.web.savedrequest.RequestCacheAwareFilter@235f6d0e, org.springframework.security.web.servletapi.SecurityContextHolderAwareRequestFilter@22bcece0, org.springframework.security.web.authentication.rememberme.RememberMeAuthenticationFilter@59333adb, org.springframework.security.web.authentication.AnonymousAuthenticationFilter@504798e5, org.springframework.security.web.session.SessionManagementFilter@3f1a2155, org.springframework.security.web.access.ExceptionTranslationFilter@6b28be56, org.springframework.security.web.access.intercept.FilterSecurityInterceptor@3c13d9e7]
2022-08-31 15:04:45.006  INFO 74466 --- [restartedMain] o.s.b.a.w.s.WelcomePageHandlerMapping    : Adding welcome page template: index
2022-08-31 15:04:46.462  WARN 74466 --- [restartedMain] o.s.b.d.a.OptionalLiveReloadServer       : Unable to start LiveReload server
2022-08-31 15:04:46.564  INFO 74466 --- [restartedMain] o.s.b.w.embedded.tomcat.TomcatWebServer  : Tomcat started on port(s): 8082 (http) with context path '/ShopmeAdmin'
2022-08-31 15:04:46.582  INFO 74466 --- [restartedMain] c.shopme.admin.ShopmeBackEndApplication  : Started ShopmeBackEndApplication in 16.17 seconds (JVM running for 21.572)
2022-08-31 15:05:03.784  INFO 74466 --- [http-nio-8082-exec-1] o.a.c.c.C.[.[localhost].[/ShopmeAdmin]   : Initializing Spring DispatcherServlet 'dispatcherServlet'
2022-08-31 15:05:03.785  INFO 74466 --- [http-nio-8082-exec-1] o.s.web.servlet.DispatcherServlet        : Initializing Servlet 'dispatcherServlet'
2022-08-31 15:05:03.786  INFO 74466 --- [http-nio-8082-exec-1] o.s.web.servlet.DispatcherServlet        : Completed initialization in 1 ms
2022-08-31 15:06:02.571 ERROR 74466 --- [http-nio-8082-exec-2] com.shopme.admin.FileUploadUtil          : Could not list director user-photos/25
2022-08-31 15:09:43.856  INFO 74466 --- [Thread-1] j.LocalContainerEntityManagerFactoryBean : Closing JPA EntityManagerFactory for persistence unit 'default'
2022-08-31 15:09:43.880  INFO 74466 --- [Thread-1] com.zaxxer.hikari.HikariDataSource       : HikariPool-1 - Shutdown initiated...
2022-08-31 15:09:43.929  INFO 74466 --- [Thread-1] com.zaxxer.hikari.HikariDataSource       : HikariPool-1 - Shutdown completed.
